Arguments: 
  C:\Program Files\nodejs\node.exe C:\Users\sarka\AppData\Roaming\npm\node_modules\yarn\bin\yarn.js install

PATH: 
  C:\Program Files (x86)\Common Files\Intel\Shared Libraries\redist\intel64\compiler;C:\Program Files\Common Files\Oracle\Java\javapath;C:\Program Files (x86)\Common Files\Oracle\Java\javapath;C:\Windows\system32;C:\Windows;C:\Windows\System32\Wbem;C:\Windows\System32\WindowsPowerShell\v1.0\;C:\Windows\System32\OpenSSH\;C:\Program Files\dotnet\;C:\Users\sarka\AppData\Local\Packages\PythonSoftwareFoundation.Python.3.11_qbz5n2kfra8p0\LocalCache\local-packages\Python311\Scripts;C:\src\flutter\bin;C:\Program Files\Git\cmd;C:\Program Files\nodejs\;C:\Users\sarka\AppData\Local\Microsoft\WindowsApps;C:\Program Files\JetBrains\PyCharm Community Edition 2023.1\bin;;C:\Users\sarka\AppData\Local\Programs\Microsoft VS Code\bin;C:\Program Files\Java\jdk-20\bin;C:\Users\sarka\AppData\Roaming\npm

Yarn version: 
  1.22.19

Node version: 
  21.1.0

Platform: 
  win32 x64

Trace: 
  Error: 40230000:error:1C800066:Provider routines:ossl_gcm_stream_update:cipher operation failed:c:\ws\deps\openssl\openssl\providers\implementations\ciphers\ciphercommon_gcm.c:320:

npm manifest: 
  {
    "name": "client",
    "version": "0.1.0",
    "private": true,
    "dependencies": {
      "@coreui/react-chartjs": "^2.1.2",
      "@emotion/react": "^11.10.5",
      "@emotion/styled": "^11.10.5",
      "@material-ui/core": "^4.12.4",
      "@material-ui/icons": "^4.11.3",
      "@mui/icons-material": "^5.11.0",
      "@mui/lab": "^5.0.0-alpha.119",
      "@mui/material": "^5.11.8",
      "@mui/styles": "^5.11.7",
      "@testing-library/jest-dom": "^5.14.1",
      "@testing-library/react": "^13.0.0",
      "@testing-library/user-event": "^13.2.1",
      "axios": "^1.3.2",
      "firebase": "^9.17.1",
      "framer-motion": "^9.0.2",
      "material-table": "^2.0.3",
      "react": "^18.2.0",
      "react-dom": "^18.2.0",
      "react-icons": "^4.7.1",
      "react-redux": "^8.0.5",
      "react-router-dom": "^6.8.1",
      "react-scripts": "5.0.1",
      "redux": "^4.2.1",
      "swiper": "^9.0.3",
      "web-vitals": "^2.1.0"
    },
    "scripts": {
      "start": "react-scripts start",
      "build": "react-scripts build",
      "test": "react-scripts test",
      "eject": "react-scripts eject"
    },
    "eslintConfig": {
      "extends": [
        "react-app",
        "react-app/jest"
      ]
    },
    "browserslist": {
      "production": [
        ">0.2%",
        "not dead",
        "not op_mini all"
      ],
      "development": [
        "last 1 chrome version",
        "last 1 firefox version",
        "last 1 safari version"
      ]
    },
    "devDependencies": {
      "tailwind-scrollbar": "^2.1.0",
      "tailwindcss": "^3.2.4"
    }
  }

yarn manifest: 
  No manifest

Lockfile: 
  No lockfile
